<?xml version="1.0" encoding="UTF-8"?>
<testng-results skipped="0" failed="0" total="1" passed="1">
  <reporter-output>
  </reporter-output>
  <suite name="Default suite" duration-ms="282" started-at="2018-02-19T01:44:48Z" finished-at="2018-02-19T01:44:48Z">
    <groups>
    </groups>
    <test name="Default test" duration-ms="282" started-at="2018-02-19T01:44:48Z" finished-at="2018-02-19T01:44:48Z">
      <class name="unitTestCase.ValidateDatabase">
        <test-method status="PASS" signature="validateDataBase()[pri:0, instance:unitTestCase.ValidateDatabase@66a3ffec]" name="validateDataBase" duration-ms="268" started-at="2018-02-18T20:44:48Z" finished-at="2018-02-18T20:44:48Z">
          <reporter-output>
          </reporter-output>
        </test-method> <!-- validateDataBase -->
      </class> <!-- unitTestCase.ValidateDatabase -->
    </test> <!-- Default test -->
  </suite> <!-- Default suite -->
</testng-results>
